c:\users\skyler\documents\github\comp-2501-term-project\dijkstrademo\texturedemo\debug\vc142.pdb
c:\users\skyler\documents\github\comp-2501-term-project\dijkstrademo\texturedemo\debug\vc142.idb
c:\users\skyler\documents\github\comp-2501-term-project\dijkstrademo\texturedemo\debug\window.obj
c:\users\skyler\documents\github\comp-2501-term-project\dijkstrademo\texturedemo\debug\shader.obj
c:\users\skyler\documents\github\comp-2501-term-project\dijkstrademo\texturedemo\debug\projectileobject.obj
c:\users\skyler\documents\github\comp-2501-term-project\dijkstrademo\texturedemo\debug\fileutils.obj
c:\users\skyler\documents\github\comp-2501-term-project\dijkstrademo\texturedemo\debug\main.obj
c:\users\skyler\documents\github\comp-2501-term-project\dijkstrademo\texturedemo\debug\gameobject.obj
c:\users\skyler\documents\github\comp-2501-term-project\dijkstrademo\texturedemo\debug\playergameobject.obj
c:\users\skyler\documents\github\comp-2501-term-project\dijkstrademo\texturedemo\debug\node.obj
c:\users\skyler\documents\github\comp-2501-term-project\dijkstrademo\texturedemo\debug\graph.obj
c:\users\skyler\documents\github\comp-2501-term-project\dijkstrademo\texturedemo\debug\enemygameobject.obj
c:\users\skyler\documents\github\comp-2501-term-project\dijkstrademo\texturedemo\debug\common.obj
c:\users\skyler\documents\github\comp-2501-term-project\dijkstrademo\texturedemo\debug\boss.obj
c:\users\skyler\documents\github\comp-2501-term-project\dijkstrademo\debug\dijkstrademo.exe
c:\users\skyler\documents\github\comp-2501-term-project\dijkstrademo\debug\dijkstrademo.pdb
c:\users\skyler\documents\github\comp-2501-term-project\dijkstrademo\texturedemo\debug\dijkstrademo.tlog\cl.command.1.tlog
c:\users\skyler\documents\github\comp-2501-term-project\dijkstrademo\texturedemo\debug\dijkstrademo.tlog\cl.read.1.tlog
c:\users\skyler\documents\github\comp-2501-term-project\dijkstrademo\texturedemo\debug\dijkstrademo.tlog\cl.write.1.tlog
c:\users\skyler\documents\github\comp-2501-term-project\dijkstrademo\texturedemo\debug\dijkstrademo.tlog\link.command.1.tlog
c:\users\skyler\documents\github\comp-2501-term-project\dijkstrademo\texturedemo\debug\dijkstrademo.tlog\link.read.1.tlog
c:\users\skyler\documents\github\comp-2501-term-project\dijkstrademo\texturedemo\debug\dijkstrademo.tlog\link.write.1.tlog
